In file included from [01m[K/home/vboxuser/github/semester_1/programming/enpm702_group3/rwa5_3/rwa5_ws/src/group3_rwa5/src/waypoint_publisher.cpp:2[m[K:
[01m[K/home/vboxuser/github/semester_1/programming/enpm702_group3/rwa5_3/rwa5_ws/src/group3_rwa5/include/group3_rwa5/waypoint_publisher.hpp:3:9:[m[K [01;31m[Kerror: [m[K#include expects "FILENAME" or <FILENAME>
    3 | #include
      |         [01;31m[K^[m[K
In file included from [01m[K/home/vboxuser/github/semester_1/programming/enpm702_group3/rwa5_3/rwa5_ws/src/group3_rwa5/src/main.cpp:2[m[K:
[01m[K/home/vboxuser/github/semester_1/programming/enpm702_group3/rwa5_3/rwa5_ws/src/group3_rwa5/include/group3_rwa5/waypoint_publisher.hpp:3:9:[m[K [01;31m[Kerror: [m[K#include expects "FILENAME" or <FILENAME>
    3 | #include
      |         [01;31m[K^[m[K
gmake[2]: *** [CMakeFiles/executable.dir/build.make:90: CMakeFiles/executable.dir/src/waypoint_publisher.cpp.o] Error 1
gmake[2]: *** Waiting for unfinished jobs....
gmake[2]: *** [CMakeFiles/executable.dir/build.make:76: CMakeFiles/executable.dir/src/main.cpp.o] Error 1
gmake[1]: *** [CMakeFiles/Makefile2:137: CMakeFiles/executable.dir/all] Error 2
gmake: *** [Makefile:146: all] Error 2
