<?xml version="1.0" encoding="UTF-8"?>
<Site BuildName="(empty)"
	BuildStamp="20241128-1532-Experimental"
	Name="thinkpad"
	Generator="ctest-3.22.1"
	CompilerName="/usr/bin/g++"
	CompilerVersion="11.4.0"
	OSName="Linux"
	Hostname="thinkpad"
	OSRelease="6.8.0-49-generic"
	OSVersion="#49~22.04.1-Ubuntu SMP PREEMPT_DYNAMIC Wed Nov  6 17:42:15 UTC 2"
	OSPlatform="x86_64"
	Is64Bits="1"
	VendorString="GenuineIntel"
	VendorID="Intel Corporation"
	FamilyID="6"
	ModelID="170"
	ProcessorCacheSize="24576"
	NumberOfLogicalCPU="3"
	NumberOfPhysicalCPU="3"
	TotalVirtualMemory="2047"
	TotalPhysicalMemory="10780"
	LogicalProcessorsPerPhysical="1"
	ProcessorClockFrequency="2995.2"
	>
	<Testing>
		<StartDateTime>Nov 28 10:37 EST</StartDateTime>
		<StartTestTime>1732808266</StartTestTime>
		<TestList/>
		<EndDateTime>Nov 28 10:37 EST</EndDateTime>
		<EndTestTime>1732808266</EndTestTime>
		<ElapsedMinutes>0</ElapsedMinutes>
	</Testing>
</Site>
