<?xml version="1.0" encoding="UTF-8"?>
<Site BuildName="(empty)"
	BuildStamp="20241119-0120-Experimental"
	Name="thinkpad"
	Generator="ctest-3.22.1"
	CompilerName="/usr/bin/g++"
	CompilerVersion="11.4.0"
	OSName="Linux"
	Hostname="thinkpad"
	OSRelease="6.8.0-48-generic"
	OSVersion="#48~22.04.1-Ubuntu SMP PREEMPT_DYNAMIC Mon Oct  7 11:24:13 UTC 2"
	OSPlatform="x86_64"
	Is64Bits="1"
	VendorString="GenuineIntel"
	VendorID="Intel Corporation"
	FamilyID="6"
	ModelID="170"
	ProcessorCacheSize="24576"
	NumberOfLogicalCPU="4"
	NumberOfPhysicalCPU="4"
	TotalVirtualMemory="2047"
	TotalPhysicalMemory="10779"
	LogicalProcessorsPerPhysical="1"
	ProcessorClockFrequency="2995.2"
	>
	<Testing>
		<StartDateTime>Nov 18 20:22 EST</StartDateTime>
		<StartTestTime>1731979320</StartTestTime>
		<TestList/>
		<EndDateTime>Nov 18 20:22 EST</EndDateTime>
		<EndTestTime>1731979320</EndTestTime>
		<ElapsedMinutes>0</ElapsedMinutes>
	</Testing>
</Site>
